<?xml version="1.0" encoding="UTF-8"?>
<testng-results ignored="0" total="3" passed="3" failed="0" skipped="0">
  <reporter-output>
  </reporter-output>
  <suite started-at="2023-08-23T17:34:41 IST" name="Suite" finished-at="2023-08-23T17:35:42 IST" duration-ms="61054">
    <groups>
    </groups>
    <test started-at="2023-08-23T17:34:41 IST" name="Test" finished-at="2023-08-23T17:35:42 IST" duration-ms="61054">
      <class name="MercurytoursTestscenerios.Mercury_TC2_Login">
        <test-method is-config="true" signature="name(java.lang.String)[pri:0, instance:MercurytoursTestscenerios.Mercury_TC2_Login@2b98b3bb]" started-at="2023-08-23T17:35:01 IST" name="name" finished-at="2023-08-23T17:35:03 IST" duration-ms="1568" status="PASS">
          <params>
            <param index="0">
              <value>
                <![CDATA[firefox]]>
              </value>
            </param>
          </params>
          <reporter-output>
          </reporter-output>
        </test-method> <!-- name -->
        <test-method signature="Loginpage()[pri:0, instance:MercurytoursTestscenerios.Mercury_TC2_Login@2b98b3bb]" started-at="2023-08-23T17:35:03 IST" name="Loginpage" finished-at="2023-08-23T17:35:10 IST" duration-ms="7158" status="PASS">
          <reporter-output>
          </reporter-output>
        </test-method> <!-- Loginpage -->
      </class> <!-- MercurytoursTestscenerios.Mercury_TC2_Login -->
      <class name="MercurytoursTestscenerios.Mercury__TC1_register">
        <test-method is-config="true" signature="BeforeSuite()[pri:0, instance:MercurytoursTestscenerios.Mercury__TC1_register@6da9dc6]" started-at="2023-08-23T17:34:40 IST" name="BeforeSuite" finished-at="2023-08-23T17:34:41 IST" duration-ms="547" status="PASS">
          <reporter-output>
          </reporter-output>
        </test-method> <!-- BeforeSuite -->
        <test-method is-config="true" signature="name(java.lang.String)[pri:0, instance:MercurytoursTestscenerios.Mercury__TC1_register@6da9dc6]" started-at="2023-08-23T17:34:41 IST" name="name" finished-at="2023-08-23T17:34:54 IST" duration-ms="13331" status="PASS">
          <params>
            <param index="0">
              <value>
                <![CDATA[firefox]]>
              </value>
            </param>
          </params>
          <reporter-output>
          </reporter-output>
        </test-method> <!-- name -->
        <test-method signature="register()[pri:0, instance:MercurytoursTestscenerios.Mercury__TC1_register@6da9dc6]" started-at="2023-08-23T17:34:54 IST" name="register" finished-at="2023-08-23T17:35:01 IST" duration-ms="7117" status="PASS">
          <reporter-output>
          </reporter-output>
        </test-method> <!-- register -->
        <test-method is-config="true" signature="email()[pri:0, instance:MercurytoursTestscenerios.Mercury__TC1_register@6da9dc6]" started-at="2023-08-23T17:35:35 IST" name="email" finished-at="2023-08-23T17:35:42 IST" duration-ms="6977" status="PASS">
          <reporter-output>
          </reporter-output>
        </test-method> <!-- email -->
        <test-method is-config="true" signature="AfterSuite()[pri:0, instance:MercurytoursTestscenerios.Mercury__TC1_register@6da9dc6]" started-at="2023-08-23T17:35:42 IST" name="AfterSuite" finished-at="2023-08-23T17:35:46 IST" duration-ms="3770" status="PASS">
          <reporter-output>
          </reporter-output>
        </test-method> <!-- AfterSuite -->
      </class> <!-- MercurytoursTestscenerios.Mercury__TC1_register -->
      <class name="MercurytoursTestscenerios.Mercury_TC3_flightbooking">
        <test-method is-config="true" signature="name(java.lang.String)[pri:0, instance:MercurytoursTestscenerios.Mercury_TC3_flightbooking@3b95d13c]" started-at="2023-08-23T17:35:10 IST" name="name" finished-at="2023-08-23T17:35:12 IST" duration-ms="1914" status="PASS">
          <params>
            <param index="0">
              <value>
                <![CDATA[firefox]]>
              </value>
            </param>
          </params>
          <reporter-output>
          </reporter-output>
        </test-method> <!-- name -->
        <test-method signature="flightbooking()[pri:0, instance:MercurytoursTestscenerios.Mercury_TC3_flightbooking@3b95d13c]" started-at="2023-08-23T17:35:12 IST" name="flightbooking" finished-at="2023-08-23T17:35:35 IST" duration-ms="22867" status="PASS">
          <reporter-output>
          </reporter-output>
        </test-method> <!-- flightbooking -->
      </class> <!-- MercurytoursTestscenerios.Mercury_TC3_flightbooking -->
    </test> <!-- Test -->
  </suite> <!-- Suite -->
</testng-results>
