<?xml version="1.0" encoding="UTF-8"?>
<testng-results ignored="0" total="3" passed="3" failed="0" skipped="0">
  <reporter-output>
  </reporter-output>
  <suite started-at="2023-08-23T17:22:30 IST" name="Suite" finished-at="2023-08-23T17:23:09 IST" duration-ms="38897">
    <groups>
    </groups>
    <test started-at="2023-08-23T17:22:30 IST" name="Test" finished-at="2023-08-23T17:23:09 IST" duration-ms="38897">
      <class name="MercurytoursTestscenerios.Mercury_TC2_Login">
        <test-method is-config="true" signature="name(java.lang.String)[pri:0, instance:MercurytoursTestscenerios.Mercury_TC2_Login@11d4dbd6]" started-at="2023-08-23T17:22:44 IST" name="name" finished-at="2023-08-23T17:22:46 IST" duration-ms="1596" status="PASS">
          <params>
            <param index="0">
              <value>
                <![CDATA[firefox]]>
              </value>
            </param>
          </params>
          <reporter-output>
          </reporter-output>
        </test-method> <!-- name -->
        <test-method signature="Loginpage()[pri:0, instance:MercurytoursTestscenerios.Mercury_TC2_Login@11d4dbd6]" started-at="2023-08-23T17:22:46 IST" name="Loginpage" finished-at="2023-08-23T17:22:53 IST" duration-ms="7400" status="PASS">
          <reporter-output>
          </reporter-output>
        </test-method> <!-- Loginpage -->
      </class> <!-- MercurytoursTestscenerios.Mercury_TC2_Login -->
      <class name="MercurytoursTestscenerios.Mercury__TC1_register">
        <test-method is-config="true" signature="BeforeSuite()[pri:0, instance:MercurytoursTestscenerios.Mercury__TC1_register@732c9b5c]" started-at="2023-08-23T17:22:29 IST" name="BeforeSuite" finished-at="2023-08-23T17:22:30 IST" duration-ms="656" status="PASS">
          <reporter-output>
          </reporter-output>
        </test-method> <!-- BeforeSuite -->
        <test-method is-config="true" signature="name(java.lang.String)[pri:0, instance:MercurytoursTestscenerios.Mercury__TC1_register@732c9b5c]" started-at="2023-08-23T17:22:30 IST" name="name" finished-at="2023-08-23T17:22:37 IST" duration-ms="6731" status="PASS">
          <params>
            <param index="0">
              <value>
                <![CDATA[firefox]]>
              </value>
            </param>
          </params>
          <reporter-output>
          </reporter-output>
        </test-method> <!-- name -->
        <test-method signature="register()[pri:0, instance:MercurytoursTestscenerios.Mercury__TC1_register@732c9b5c]" started-at="2023-08-23T17:22:37 IST" name="register" finished-at="2023-08-23T17:22:44 IST" duration-ms="7031" status="PASS">
          <reporter-output>
          </reporter-output>
        </test-method> <!-- register -->
        <test-method is-config="true" signature="email()[pri:0, instance:MercurytoursTestscenerios.Mercury__TC1_register@732c9b5c]" started-at="2023-08-23T17:23:03 IST" name="email" finished-at="2023-08-23T17:23:09 IST" duration-ms="5545" status="PASS">
          <reporter-output>
          </reporter-output>
        </test-method> <!-- email -->
        <test-method is-config="true" signature="AfterSuite()[pri:0, instance:MercurytoursTestscenerios.Mercury__TC1_register@732c9b5c]" started-at="2023-08-23T17:23:09 IST" name="AfterSuite" finished-at="2023-08-23T17:23:13 IST" duration-ms="4165" status="PASS">
          <reporter-output>
          </reporter-output>
        </test-method> <!-- AfterSuite -->
      </class> <!-- MercurytoursTestscenerios.Mercury__TC1_register -->
      <class name="MercurytoursTestscenerios.Mercury_TC3_flightbooking">
        <test-method is-config="true" signature="name(java.lang.String)[pri:0, instance:MercurytoursTestscenerios.Mercury_TC3_flightbooking@390877d2]" started-at="2023-08-23T17:22:53 IST" name="name" finished-at="2023-08-23T17:22:54 IST" duration-ms="1528" status="PASS">
          <params>
            <param index="0">
              <value>
                <![CDATA[firefox]]>
              </value>
            </param>
          </params>
          <reporter-output>
          </reporter-output>
        </test-method> <!-- name -->
        <test-method signature="flightbooking()[pri:0, instance:MercurytoursTestscenerios.Mercury_TC3_flightbooking@390877d2]" started-at="2023-08-23T17:22:54 IST" name="flightbooking" finished-at="2023-08-23T17:23:03 IST" duration-ms="8945" status="PASS">
          <reporter-output>
          </reporter-output>
        </test-method> <!-- flightbooking -->
      </class> <!-- MercurytoursTestscenerios.Mercury_TC3_flightbooking -->
    </test> <!-- Test -->
  </suite> <!-- Suite -->
</testng-results>
